{"/Users/tanamettpk/workspace/ts-express-socket-injection/src/configs/prisma/context.ts": {"path":"/Users/tanamettpk/workspace/ts-express-socket-injection/src/configs/prisma/context.ts","statementMap":{"0":{"start":{"line":6,"column":0},"end":{"line":9,"column":4}},"1":{"start":{"line":6,"column":28},"end":{"line":9,"column":3}},"2":{"start":{"line":2,"column":0},"end":{"line":2,"column":68}},"3":{"start":{"line":4,"column":0},"end":{"line":4,"column":30}},"4":{"start":{"line":11,"column":0},"end":{"line":13,"column":3}},"5":{"start":{"line":12,"column":1},"end":{"line":12,"column":23}},"6":{"start":{"line":15,"column":13},"end":{"line":15,"column":71}}},"fnMap":{"0":{"name":"(anonymous_1)","decl":{"start":{"line":6,"column":22},"end":{"line":6,"column":28}},"loc":{"start":{"line":6,"column":22},"end":{"line":6,"column":29}}},"1":{"name":"(anonymous_2)","decl":{"start":{"line":11,"column":11},"end":{"line":11,"column":null}},"loc":{"start":{"line":11,"column":11},"end":{"line":13,"column":1}}}},"branchMap":{},"s":{"0":2,"1":2,"2":2,"3":2,"4":2,"5":9,"6":2},"f":{"0":2,"1":9},"b":{}}
,"/Users/tanamettpk/workspace/ts-express-socket-injection/src/services/TodoService.ts": {"path":"/Users/tanamettpk/workspace/ts-express-socket-injection/src/services/TodoService.ts","statementMap":{"0":{"start":{"line":2,"column":0},"end":{"line":2,"column":46}},"1":{"start":{"line":3,"column":0},"end":{"line":3,"column":56}},"2":{"start":{"line":4,"column":0},"end":{"line":4,"column":46}},"3":{"start":{"line":9,"column":0},"end":{"line":9,"column":21}},"4":{"start":{"line":13,"column":2},"end":{"line":13,"column":23}},"5":{"start":{"line":16,"column":1},"end":{"line":18,"column":null}},"6":{"start":{"line":17,"column":2},"end":{"line":17,"column":37}},"7":{"start":{"line":20,"column":1},"end":{"line":31,"column":null}},"8":{"start":{"line":21,"column":2},"end":{"line":30,"column":5}},"9":{"start":{"line":33,"column":1},"end":{"line":40,"column":null}},"10":{"start":{"line":34,"column":2},"end":{"line":39,"column":5}},"11":{"start":{"line":42,"column":1},"end":{"line":46,"column":null}},"12":{"start":{"line":43,"column":2},"end":{"line":45,"column":5}},"13":{"start":{"line":9,"column":21},"end":{"line":47,"column":null}},"14":{"start":{"line":47,"column":0},"end":{"line":47,"column":null}},"15":{"start":{"line":9,"column":21},"end":{"line":9,"column":null}}},"fnMap":{"0":{"name":"(anonymous_5)","decl":{"start":{"line":9,"column":0},"end":{"line":9,"column":21}},"loc":{"start":{"line":9,"column":0},"end":{"line":9,"column":21}}},"1":{"name":"TodoService","decl":{"start":{"line":12,"column":1},"end":{"line":12,"column":14}},"loc":{"start":{"line":12,"column":55},"end":{"line":14,"column":2}}},"2":{"name":"(anonymous_7)","decl":{"start":{"line":16,"column":1},"end":{"line":16,"column":8}},"loc":{"start":{"line":16,"column":1},"end":{"line":18,"column":2}}},"3":{"name":"(anonymous_8)","decl":{"start":{"line":20,"column":1},"end":{"line":20,"column":11}},"loc":{"start":{"line":20,"column":40},"end":{"line":31,"column":2}}},"4":{"name":"(anonymous_9)","decl":{"start":{"line":33,"column":1},"end":{"line":33,"column":11}},"loc":{"start":{"line":33,"column":36},"end":{"line":40,"column":2}}},"5":{"name":"(anonymous_10)","decl":{"start":{"line":42,"column":1},"end":{"line":42,"column":11}},"loc":{"start":{"line":42,"column":22},"end":{"line":46,"column":2}}}},"branchMap":{},"s":{"0":1,"1":1,"2":1,"3":1,"4":4,"5":1,"6":1,"7":1,"8":1,"9":1,"10":1,"11":1,"12":1,"13":1,"14":1,"15":1},"f":{"0":1,"1":4,"2":1,"3":1,"4":1,"5":1},"b":{}}
,"/Users/tanamettpk/workspace/ts-express-socket-injection/src/services/UserService.ts": {"path":"/Users/tanamettpk/workspace/ts-express-socket-injection/src/services/UserService.ts","statementMap":{"0":{"start":{"line":3,"column":0},"end":{"line":3,"column":46}},"1":{"start":{"line":4,"column":0},"end":{"line":4,"column":56}},"2":{"start":{"line":5,"column":0},"end":{"line":5,"column":46}},"3":{"start":{"line":9,"column":0},"end":{"line":9,"column":21}},"4":{"start":{"line":13,"column":2},"end":{"line":13,"column":23}},"5":{"start":{"line":16,"column":1},"end":{"line":18,"column":null}},"6":{"start":{"line":17,"column":2},"end":{"line":17,"column":37}},"7":{"start":{"line":20,"column":1},"end":{"line":24,"column":null}},"8":{"start":{"line":21,"column":2},"end":{"line":23,"column":5}},"9":{"start":{"line":26,"column":1},"end":{"line":32,"column":null}},"10":{"start":{"line":27,"column":2},"end":{"line":31,"column":5}},"11":{"start":{"line":34,"column":1},"end":{"line":39,"column":null}},"12":{"start":{"line":35,"column":2},"end":{"line":38,"column":5}},"13":{"start":{"line":41,"column":1},"end":{"line":45,"column":null}},"14":{"start":{"line":42,"column":2},"end":{"line":44,"column":5}},"15":{"start":{"line":9,"column":21},"end":{"line":46,"column":null}},"16":{"start":{"line":46,"column":0},"end":{"line":46,"column":null}},"17":{"start":{"line":9,"column":21},"end":{"line":9,"column":null}}},"fnMap":{"0":{"name":"(anonymous_5)","decl":{"start":{"line":9,"column":0},"end":{"line":9,"column":21}},"loc":{"start":{"line":9,"column":0},"end":{"line":9,"column":21}}},"1":{"name":"UserService","decl":{"start":{"line":12,"column":1},"end":{"line":12,"column":14}},"loc":{"start":{"line":12,"column":55},"end":{"line":14,"column":2}}},"2":{"name":"(anonymous_7)","decl":{"start":{"line":16,"column":1},"end":{"line":16,"column":9}},"loc":{"start":{"line":16,"column":1},"end":{"line":18,"column":2}}},"3":{"name":"(anonymous_8)","decl":{"start":{"line":20,"column":1},"end":{"line":20,"column":12}},"loc":{"start":{"line":20,"column":23},"end":{"line":24,"column":2}}},"4":{"name":"(anonymous_9)","decl":{"start":{"line":26,"column":1},"end":{"line":26,"column":11}},"loc":{"start":{"line":26,"column":24},"end":{"line":32,"column":2}}},"5":{"name":"(anonymous_10)","decl":{"start":{"line":34,"column":1},"end":{"line":34,"column":11}},"loc":{"start":{"line":34,"column":36},"end":{"line":39,"column":2}}},"6":{"name":"(anonymous_11)","decl":{"start":{"line":41,"column":1},"end":{"line":41,"column":11}},"loc":{"start":{"line":41,"column":22},"end":{"line":45,"column":2}}}},"branchMap":{},"s":{"0":1,"1":1,"2":1,"3":1,"4":5,"5":1,"6":1,"7":1,"8":1,"9":1,"10":1,"11":1,"12":1,"13":1,"14":1,"15":1,"16":1,"17":1},"f":{"0":1,"1":5,"2":1,"3":1,"4":1,"5":1,"6":1},"b":{}}
}
