TN:
SF:src/configs/prisma/context.ts
FN:6,(anonymous_1)
FN:11,(anonymous_2)
FNF:2
FNH:2
FNDA:2,(anonymous_1)
FNDA:9,(anonymous_2)
DA:2,2
DA:4,2
DA:6,2
DA:11,2
DA:12,9
DA:15,2
LF:6
LH:6
BRF:0
BRH:0
end_of_record
TN:
SF:src/services/TodoService.ts
FN:9,(anonymous_5)
FN:12,TodoService
FN:16,(anonymous_7)
FN:20,(anonymous_8)
FN:33,(anonymous_9)
FN:42,(anonymous_10)
FNF:6
FNH:6
FNDA:1,(anonymous_5)
FNDA:4,TodoService
FNDA:1,(anonymous_7)
FNDA:1,(anonymous_8)
FNDA:1,(anonymous_9)
FNDA:1,(anonymous_10)
DA:2,1
DA:3,1
DA:4,1
DA:9,1
DA:13,4
DA:16,1
DA:17,1
DA:20,1
DA:21,1
DA:33,1
DA:34,1
DA:42,1
DA:43,1
DA:47,1
LF:14
LH:14
BRF:0
BRH:0
end_of_record
TN:
SF:src/services/UserService.ts
FN:9,(anonymous_5)
FN:12,UserService
FN:16,(anonymous_7)
FN:20,(anonymous_8)
FN:26,(anonymous_9)
FN:34,(anonymous_10)
FN:41,(anonymous_11)
FNF:7
FNH:7
FNDA:1,(anonymous_5)
FNDA:5,UserService
FNDA:1,(anonymous_7)
FNDA:1,(anonymous_8)
FNDA:1,(anonymous_9)
FNDA:1,(anonymous_10)
FNDA:1,(anonymous_11)
DA:3,1
DA:4,1
DA:5,1
DA:9,1
DA:13,5
DA:16,1
DA:17,1
DA:20,1
DA:21,1
DA:26,1
DA:27,1
DA:34,1
DA:35,1
DA:41,1
DA:42,1
DA:46,1
LF:16
LH:16
BRF:0
BRH:0
end_of_record
